<?xml version="1.0" encoding="UTF-8"?>
<testng-results skipped="0" failed="0" ignored="0" total="1" passed="1">
  <reporter-output>
  </reporter-output>
  <suite name="Default suite" duration-ms="79" started-at="2018-10-31T08:27:34Z" finished-at="2018-10-31T08:27:34Z">
    <groups>
    </groups>
    <test name="Default test" duration-ms="79" started-at="2018-10-31T08:27:34Z" finished-at="2018-10-31T08:27:34Z">
      <class name="com.todo.list.dima.todo_list_testNG.AppTest">
        <test-method status="PASS" signature="setUp()[pri:0, instance:com.todo.list.dima.todo_list_testNG.AppTest@5afa04c]" name="setUp" is-config="true" duration-ms="49" started-at="2018-10-31T10:27:34Z" finished-at="2018-10-31T10:27:34Z">
          <reporter-output>
          </reporter-output>
        </test-method> <!-- setUp -->
        <test-method status="PASS" signature="test()[pri:0, instance:com.todo.list.dima.todo_list_testNG.AppTest@5afa04c]" name="test" duration-ms="8" started-at="2018-10-31T10:27:34Z" finished-at="2018-10-31T10:27:34Z">
          <reporter-output>
          </reporter-output>
        </test-method> <!-- test -->
        <test-method status="PASS" signature="cleanUp()[pri:0, instance:com.todo.list.dima.todo_list_testNG.AppTest@5afa04c]" name="cleanUp" is-config="true" duration-ms="1" started-at="2018-10-31T10:27:34Z" finished-at="2018-10-31T10:27:34Z">
          <reporter-output>
          </reporter-output>
        </test-method> <!-- cleanUp -->
      </class> <!-- com.todo.list.dima.todo_list_testNG.AppTest -->
    </test> <!-- Default test -->
  </suite> <!-- Default suite -->
</testng-results>
