<?xml version="1.0" encoding="UTF-8"?>
<testng-results skipped="0" failed="1" ignored="0" total="1" passed="0">
  <reporter-output>
  </reporter-output>
  <suite name="Default suite" duration-ms="11053" started-at="2018-11-01T14:50:49Z" finished-at="2018-11-01T14:51:00Z">
    <groups>
      <group name="e2e">
        <method signature="AppTest.createTaskAndGetListE2E()[pri:0, instance:com.todo.list.dima.todo_list_testNG.AppTest@57c758ac]" name="createTaskAndGetListE2E" class="com.todo.list.dima.todo_list_testNG.AppTest"/>
      </group> <!-- e2e -->
    </groups>
    <test name="Default test" duration-ms="11053" started-at="2018-11-01T14:50:49Z" finished-at="2018-11-01T14:51:00Z">
      <class name="com.todo.list.dima.todo_list_testNG.AppTest">
        <test-method status="PASS" signature="setUp()[pri:0, instance:com.todo.list.dima.todo_list_testNG.AppTest@57c758ac]" name="setUp" is-config="true" duration-ms="8" started-at="2018-11-01T16:50:49Z" finished-at="2018-11-01T16:50:49Z">
          <reporter-output>
          </reporter-output>
        </test-method> <!-- setUp -->
        <test-method status="PASS" signature="testSetUp()[pri:0, instance:com.todo.list.dima.todo_list_testNG.AppTest@57c758ac]" name="testSetUp" is-config="true" duration-ms="0" started-at="2018-11-01T16:50:49Z" finished-at="2018-11-01T16:50:49Z">
          <reporter-output>
          </reporter-output>
        </test-method> <!-- testSetUp -->
        <test-method status="PASS" signature="handleTestMethodName(java.lang.reflect.Method)[pri:0, instance:com.todo.list.dima.todo_list_testNG.AppTest@57c758ac]" name="handleTestMethodName" is-config="true" duration-ms="1" started-at="2018-11-01T16:50:49Z" finished-at="2018-11-01T16:50:49Z">
          <params>
            <param index="0">
              <value>
                <![CDATA[public void com.todo.list.dima.todo_list_testNG.AppTest.createTaskAndGetListE2E() throws java.lang.Exception]]>
              </value>
            </param>
          </params>
          <reporter-output>
          </reporter-output>
        </test-method> <!-- handleTestMethodName -->
        <test-method status="FAIL" signature="createTaskAndGetListE2E()[pri:0, instance:com.todo.list.dima.todo_list_testNG.AppTest@57c758ac]" name="createTaskAndGetListE2E" duration-ms="10163" started-at="2018-11-01T16:50:49Z" finished-at="2018-11-01T16:51:00Z">
          <exception class="java.lang.NullPointerException">
            <full-stacktrace>
              <![CDATA[java.lang.NullPointerException
	at models.MyReporter.report(MyReporter.java:83)
	at com.todo.list.dima.todo_list_testNG.AppTest.createTaskAndGetListE2E(AppTest.java:46)
	at sun.reflect.NativeMethodAccessorImpl.invoke0(Native Method)
	at sun.reflect.NativeMethodAccessorImpl.invoke(NativeMethodAccessorImpl.java:62)
	at sun.reflect.DelegatingMethodAccessorImpl.invoke(DelegatingMethodAccessorImpl.java:43)
	at java.lang.reflect.Method.invoke(Method.java:498)
	at org.testng.internal.MethodInvocationHelper.invokeMethod(MethodInvocationHelper.java:104)
	at org.testng.internal.Invoker.invokeMethod(Invoker.java:645)
	at org.testng.internal.Invoker.invokeTestMethod(Invoker.java:851)
	at org.testng.internal.Invoker.invokeTestMethods(Invoker.java:1177)
	at org.testng.internal.TestMethodWorker.invokeTestMethods(TestMethodWorker.java:129)
	at org.testng.internal.TestMethodWorker.run(TestMethodWorker.java:112)
	at org.testng.TestRunner.privateRun(TestRunner.java:756)
	at org.testng.TestRunner.run(TestRunner.java:610)
	at org.testng.SuiteRunner.runTest(SuiteRunner.java:387)
	at org.testng.SuiteRunner.runSequentially(SuiteRunner.java:382)
	at org.testng.SuiteRunner.privateRun(SuiteRunner.java:340)
	at org.testng.SuiteRunner.run(SuiteRunner.java:289)
	at org.testng.SuiteRunnerWorker.runSuite(SuiteRunnerWorker.java:52)
	at org.testng.SuiteRunnerWorker.run(SuiteRunnerWorker.java:86)
	at org.testng.TestNG.runSuitesSequentially(TestNG.java:1293)
	at org.testng.TestNG.runSuitesLocally(TestNG.java:1218)
	at org.testng.TestNG.runSuites(TestNG.java:1133)
	at org.testng.TestNG.run(TestNG.java:1104)
	at org.testng.remote.AbstractRemoteTestNG.run(AbstractRemoteTestNG.java:114)
	at org.testng.remote.RemoteTestNG.initAndRun(RemoteTestNG.java:251)
	at org.testng.remote.RemoteTestNG.main(RemoteTestNG.java:77)
]]>
            </full-stacktrace>
          </exception> <!-- java.lang.NullPointerException -->
          <reporter-output>
          </reporter-output>
        </test-method> <!-- createTaskAndGetListE2E -->
      </class> <!-- com.todo.list.dima.todo_list_testNG.AppTest -->
    </test> <!-- Default test -->
  </suite> <!-- Default suite -->
</testng-results>
